<?xml version="1.0" encoding="UTF-8"?>
<!-- Generated by org.testng.reporters.JUnitXMLReporter -->
<testsuite hostname="DESKTOP-AU7IRSP" ignored="0" name="register, service and purchase invoice, company, and export data Cases" tests="3" failures="0" timestamp="2023-10-04T10:29:01 IST" time="59.087" errors="0">
  <testcase name="clickOnLoginButtonWithoutFillRequiredField" time="12.16" classname="TatvaCare.LoginTest"/>
  <testcase name="enterInvalidLoginCredentialsAndClickOnLoginButton" time="10.449" classname="TatvaCare.LoginTest"/>
  <testcase name="enterLoginCredentialsAndClickOnLoginButton" time="22.322" classname="TatvaCare.LoginTest"/>
</testsuite> <!-- register, service and purchase invoice, company, and export data Cases -->
