<?xml version="1.0" encoding="UTF-8"?>
<testng-results skipped="0" failed="0" ignored="0" total="3" passed="3">
  <reporter-output>
    <line>
      <![CDATA[Step 1: Navigate to URl]]>
    </line>
    <line>
      <![CDATA[Step 2: Click on the login button]]>
    </line>
    <line>
      <![CDATA[Step 1: Navigate to URl]]>
    </line>
    <line>
      <![CDATA[Step 2: Enter invalid mobile number, invalid password and click on the login button]]>
    </line>
    <line>
      <![CDATA[Step : Verify the validation message]]>
    </line>
    <line>
      <![CDATA[Step 1: Navigate to URl]]>
    </line>
    <line>
      <![CDATA[Step 2: Enter mobileNumber, password and click on the login button]]>
    </line>
  </reporter-output>
  <suite name="Positive Cases" duration-ms="59087" started-at="2023-10-04T10:28:02 IST" finished-at="2023-10-04T10:29:01 IST">
    <groups>
    </groups>
    <test name="register, service and purchase invoice, company, and export data Cases" duration-ms="59087" started-at="2023-10-04T10:28:02 IST" finished-at="2023-10-04T10:29:01 IST">
      <class name="TatvaCare.LoginTest">
        <test-method status="PASS" signature="setUp(java.lang.String)[pri:0, instance:TatvaCare.LoginTest@3aefe5e5]" name="setUp" is-config="true" duration-ms="6151" started-at="2023-10-04T10:28:02 IST" finished-at="2023-10-04T10:28:08 IST">
          <params>
            <param index="0">
              <value>
                <![CDATA[chrome]]>
              </value>
            </param>
          </params>
          <reporter-output>
          </reporter-output>
        </test-method> <!-- setUp -->
        <test-method status="PASS" signature="clickOnLoginButtonWithoutFillRequiredField()[pri:0, instance:TatvaCare.LoginTest@3aefe5e5]" name="clickOnLoginButtonWithoutFillRequiredField" duration-ms="12160" started-at="2023-10-04T10:28:08 IST" description="Click On Login Button withot Filled Mobile Number and Password." finished-at="2023-10-04T10:28:20 IST">
          <reporter-output>
            <line>
              <![CDATA[Step 1: Navigate to URl]]>
            </line>
            <line>
              <![CDATA[Step 2: Click on the login button]]>
            </line>
          </reporter-output>
        </test-method> <!-- clickOnLoginButtonWithoutFillRequiredField -->
        <test-method status="PASS" signature="tearDown(org.testng.ITestResult)[pri:0, instance:TatvaCare.LoginTest@3aefe5e5]" name="tearDown" is-config="true" duration-ms="703" started-at="2023-10-04T10:28:20 IST" finished-at="2023-10-04T10:28:21 IST">
          <params>
            <param index="0">
              <value>
                <![CDATA[[TestResult name=clickOnLoginButtonWithoutFillRequiredField status=SUCCESS method=LoginTest.clickOnLoginButtonWithoutFillRequiredField()[pri:0, instance:TatvaCare.LoginTest@3aefe5e5] output=Step 1: Navigate to URl]]]>
              </value>
            </param>
          </params>
          <reporter-output>
          </reporter-output>
        </test-method> <!-- tearDown -->
        <test-method status="PASS" signature="setUp(java.lang.String)[pri:0, instance:TatvaCare.LoginTest@3aefe5e5]" name="setUp" is-config="true" duration-ms="2866" started-at="2023-10-04T10:28:21 IST" finished-at="2023-10-04T10:28:24 IST">
          <params>
            <param index="0">
              <value>
                <![CDATA[chrome]]>
              </value>
            </param>
          </params>
          <reporter-output>
          </reporter-output>
        </test-method> <!-- setUp -->
        <test-method status="PASS" signature="enterInvalidLoginCredentialsAndClickOnLoginButton()[pri:0, instance:TatvaCare.LoginTest@3aefe5e5]" name="enterInvalidLoginCredentialsAndClickOnLoginButton" duration-ms="10449" started-at="2023-10-04T10:28:24 IST" description="Login with invalid credentials. " finished-at="2023-10-04T10:28:34 IST">
          <reporter-output>
            <line>
              <![CDATA[Step 1: Navigate to URl]]>
            </line>
            <line>
              <![CDATA[Step 2: Enter invalid mobile number, invalid password and click on the login button]]>
            </line>
            <line>
              <![CDATA[Step : Verify the validation message]]>
            </line>
          </reporter-output>
        </test-method> <!-- enterInvalidLoginCredentialsAndClickOnLoginButton -->
        <test-method status="PASS" signature="tearDown(org.testng.ITestResult)[pri:0, instance:TatvaCare.LoginTest@3aefe5e5]" name="tearDown" is-config="true" duration-ms="686" started-at="2023-10-04T10:28:34 IST" finished-at="2023-10-04T10:28:35 IST">
          <params>
            <param index="0">
              <value>
                <![CDATA[[TestResult name=enterInvalidLoginCredentialsAndClickOnLoginButton status=SUCCESS method=LoginTest.enterInvalidLoginCredentialsAndClickOnLoginButton()[pri:0, instance:TatvaCare.LoginTest@3aefe5e5] output=Step 1: Navigate to URl]]]>
              </value>
            </param>
          </params>
          <reporter-output>
          </reporter-output>
        </test-method> <!-- tearDown -->
        <test-method status="PASS" signature="setUp(java.lang.String)[pri:0, instance:TatvaCare.LoginTest@3aefe5e5]" name="setUp" is-config="true" duration-ms="2767" started-at="2023-10-04T10:28:35 IST" finished-at="2023-10-04T10:28:38 IST">
          <params>
            <param index="0">
              <value>
                <![CDATA[chrome]]>
              </value>
            </param>
          </params>
          <reporter-output>
          </reporter-output>
        </test-method> <!-- setUp -->
        <test-method status="PASS" signature="enterLoginCredentialsAndClickOnLoginButton()[pri:0, instance:TatvaCare.LoginTest@3aefe5e5]" name="enterLoginCredentialsAndClickOnLoginButton" duration-ms="22322" started-at="2023-10-04T10:28:38 IST" description="Login with valid credentials. " finished-at="2023-10-04T10:29:00 IST">
          <reporter-output>
            <line>
              <![CDATA[Step 1: Navigate to URl]]>
            </line>
            <line>
              <![CDATA[Step 2: Enter mobileNumber, password and click on the login button]]>
            </line>
          </reporter-output>
        </test-method> <!-- enterLoginCredentialsAndClickOnLoginButton -->
        <test-method status="PASS" signature="tearDown(org.testng.ITestResult)[pri:0, instance:TatvaCare.LoginTest@3aefe5e5]" name="tearDown" is-config="true" duration-ms="724" started-at="2023-10-04T10:29:00 IST" finished-at="2023-10-04T10:29:01 IST">
          <params>
            <param index="0">
              <value>
                <![CDATA[[TestResult name=enterLoginCredentialsAndClickOnLoginButton status=SUCCESS method=LoginTest.enterLoginCredentialsAndClickOnLoginButton()[pri:0, instance:TatvaCare.LoginTest@3aefe5e5] output=Step 1: Navigate to URl]]]>
              </value>
            </param>
          </params>
          <reporter-output>
          </reporter-output>
        </test-method> <!-- tearDown -->
      </class> <!-- TatvaCare.LoginTest -->
    </test> <!-- register, service and purchase invoice, company, and export data Cases -->
  </suite> <!-- Positive Cases -->
</testng-results>
