<?xml version="1.0" encoding="UTF-8"?>
<!-- Generated by org.testng.reporters.JUnitXMLReporter -->
<testsuite hostname="DESKTOP-AU7IRSP" ignored="0" name="register, service and purchase invoice, company, and export data Cases" tests="3" failures="0" timestamp="2023-09-05T18:49:23 IST" time="59.197" errors="0">
  <testcase name="clickOnLoginButtonWithoutFillRequiredField" time="11.105" classname="TatvaCare.LoginTest"/>
  <testcase name="enterInvalidLoginCredentialsAndClickOnLoginButton" time="10.115" classname="TatvaCare.LoginTest"/>
  <testcase name="enterLoginCredentialsAndClickOnLoginButton" time="21.141" classname="TatvaCare.LoginTest"/>
</testsuite> <!-- register, service and purchase invoice, company, and export data Cases -->
