<?xml version="1.0" encoding="UTF-8"?>
<testng-results skipped="0" failed="0" ignored="0" total="3" passed="3">
  <reporter-output>
    <line>
      <![CDATA[Step 1: Navigate to URl]]>
    </line>
    <line>
      <![CDATA[Step 2: Click on the login button]]>
    </line>
    <line>
      <![CDATA[Step 1: Navigate to URl]]>
    </line>
    <line>
      <![CDATA[Step 2: Enter invalid mobile number, invalid password and click on the login button]]>
    </line>
    <line>
      <![CDATA[Step : Verify the validation message]]>
    </line>
    <line>
      <![CDATA[Step 1: Navigate to URl]]>
    </line>
    <line>
      <![CDATA[Step 2: Enter mobileNumber, password and click on the login button]]>
    </line>
  </reporter-output>
  <suite name="Positive Cases" duration-ms="59197" started-at="2023-09-05T18:48:24 IST" finished-at="2023-09-05T18:49:23 IST">
    <groups>
    </groups>
    <test name="register, service and purchase invoice, company, and export data Cases" duration-ms="59197" started-at="2023-09-05T18:48:24 IST" finished-at="2023-09-05T18:49:23 IST">
      <class name="TatvaCare.LoginTest">
        <test-method status="PASS" signature="setUp(java.lang.String)[pri:0, instance:TatvaCare.LoginTest@6b26e945]" name="setUp" is-config="true" duration-ms="6844" started-at="2023-09-05T18:48:24 IST" finished-at="2023-09-05T18:48:31 IST">
          <params>
            <param index="0">
              <value>
                <![CDATA[chrome]]>
              </value>
            </param>
          </params>
          <reporter-output>
          </reporter-output>
        </test-method> <!-- setUp -->
        <test-method status="PASS" signature="clickOnLoginButtonWithoutFillRequiredField()[pri:0, instance:TatvaCare.LoginTest@6b26e945]" name="clickOnLoginButtonWithoutFillRequiredField" duration-ms="11105" started-at="2023-09-05T18:48:31 IST" description="Click On Login Button withot Filled Mobile Number and Password." finished-at="2023-09-05T18:48:42 IST">
          <reporter-output>
            <line>
              <![CDATA[Step 1: Navigate to URl]]>
            </line>
            <line>
              <![CDATA[Step 2: Click on the login button]]>
            </line>
          </reporter-output>
        </test-method> <!-- clickOnLoginButtonWithoutFillRequiredField -->
        <test-method status="PASS" signature="tearDown(org.testng.ITestResult)[pri:0, instance:TatvaCare.LoginTest@6b26e945]" name="tearDown" is-config="true" duration-ms="913" started-at="2023-09-05T18:48:42 IST" finished-at="2023-09-05T18:48:43 IST">
          <params>
            <param index="0">
              <value>
                <![CDATA[[TestResult name=clickOnLoginButtonWithoutFillRequiredField status=SUCCESS method=LoginTest.clickOnLoginButtonWithoutFillRequiredField()[pri:0, instance:TatvaCare.LoginTest@6b26e945] output=Step 1: Navigate to URl]]]>
              </value>
            </param>
          </params>
          <reporter-output>
          </reporter-output>
        </test-method> <!-- tearDown -->
        <test-method status="PASS" signature="setUp(java.lang.String)[pri:0, instance:TatvaCare.LoginTest@6b26e945]" name="setUp" is-config="true" duration-ms="3205" started-at="2023-09-05T18:48:43 IST" finished-at="2023-09-05T18:48:46 IST">
          <params>
            <param index="0">
              <value>
                <![CDATA[chrome]]>
              </value>
            </param>
          </params>
          <reporter-output>
          </reporter-output>
        </test-method> <!-- setUp -->
        <test-method status="PASS" signature="enterInvalidLoginCredentialsAndClickOnLoginButton()[pri:0, instance:TatvaCare.LoginTest@6b26e945]" name="enterInvalidLoginCredentialsAndClickOnLoginButton" duration-ms="10115" started-at="2023-09-05T18:48:46 IST" description="Login with invalid credentials. " finished-at="2023-09-05T18:48:56 IST">
          <reporter-output>
            <line>
              <![CDATA[Step 1: Navigate to URl]]>
            </line>
            <line>
              <![CDATA[Step 2: Enter invalid mobile number, invalid password and click on the login button]]>
            </line>
            <line>
              <![CDATA[Step : Verify the validation message]]>
            </line>
          </reporter-output>
        </test-method> <!-- enterInvalidLoginCredentialsAndClickOnLoginButton -->
        <test-method status="PASS" signature="tearDown(org.testng.ITestResult)[pri:0, instance:TatvaCare.LoginTest@6b26e945]" name="tearDown" is-config="true" duration-ms="1210" started-at="2023-09-05T18:48:56 IST" finished-at="2023-09-05T18:48:57 IST">
          <params>
            <param index="0">
              <value>
                <![CDATA[[TestResult name=enterInvalidLoginCredentialsAndClickOnLoginButton status=SUCCESS method=LoginTest.enterInvalidLoginCredentialsAndClickOnLoginButton()[pri:0, instance:TatvaCare.LoginTest@6b26e945] output=Step 1: Navigate to URl]]]>
              </value>
            </param>
          </params>
          <reporter-output>
          </reporter-output>
        </test-method> <!-- tearDown -->
        <test-method status="PASS" signature="setUp(java.lang.String)[pri:0, instance:TatvaCare.LoginTest@6b26e945]" name="setUp" is-config="true" duration-ms="3042" started-at="2023-09-05T18:48:57 IST" finished-at="2023-09-05T18:49:00 IST">
          <params>
            <param index="0">
              <value>
                <![CDATA[chrome]]>
              </value>
            </param>
          </params>
          <reporter-output>
          </reporter-output>
        </test-method> <!-- setUp -->
        <test-method status="PASS" signature="enterLoginCredentialsAndClickOnLoginButton()[pri:0, instance:TatvaCare.LoginTest@6b26e945]" name="enterLoginCredentialsAndClickOnLoginButton" duration-ms="21141" started-at="2023-09-05T18:49:00 IST" description="Login with valid credentials. " finished-at="2023-09-05T18:49:22 IST">
          <reporter-output>
            <line>
              <![CDATA[Step 1: Navigate to URl]]>
            </line>
            <line>
              <![CDATA[Step 2: Enter mobileNumber, password and click on the login button]]>
            </line>
          </reporter-output>
        </test-method> <!-- enterLoginCredentialsAndClickOnLoginButton -->
        <test-method status="PASS" signature="tearDown(org.testng.ITestResult)[pri:0, instance:TatvaCare.LoginTest@6b26e945]" name="tearDown" is-config="true" duration-ms="1310" started-at="2023-09-05T18:49:22 IST" finished-at="2023-09-05T18:49:23 IST">
          <params>
            <param index="0">
              <value>
                <![CDATA[[TestResult name=enterLoginCredentialsAndClickOnLoginButton status=SUCCESS method=LoginTest.enterLoginCredentialsAndClickOnLoginButton()[pri:0, instance:TatvaCare.LoginTest@6b26e945] output=Step 1: Navigate to URl]]]>
              </value>
            </param>
          </params>
          <reporter-output>
          </reporter-output>
        </test-method> <!-- tearDown -->
      </class> <!-- TatvaCare.LoginTest -->
    </test> <!-- register, service and purchase invoice, company, and export data Cases -->
  </suite> <!-- Positive Cases -->
</testng-results>
